  workbench.cpp
c:\program files (x86)\microsoft visual studio\2017\enterprise\vc\tools\msvc\14.10.25017\include\xmemory0(840): error C2280: 'std::unique_ptr<Signal,std::default_delete<_Ty>>::unique_ptr(const std::unique_ptr<_Ty,std::default_delete<_Ty>> &)': attempting to reference a deleted function
          with
          [
              _Ty=Signal
          ]
  c:\program files (x86)\microsoft visual studio\2017\enterprise\vc\tools\msvc\14.10.25017\include\memory(1857): note: see declaration of 'std::unique_ptr<Signal,std::default_delete<_Ty>>::unique_ptr'
          with
          [
              _Ty=Signal
          ]
  c:\program files (x86)\microsoft visual studio\2017\enterprise\vc\tools\msvc\14.10.25017\include\xmemory0(959): note: see reference to function template instantiation 'void std::allocator<_Ty>::construct<_Objty,std::unique_ptr<Signal,std::default_delete<Signal>>&>(_Objty *,std::unique_ptr<Signal,std::default_delete<Signal>> &)' being compiled
          with
          [
              _Ty=std::unique_ptr<Signal,std::default_delete<Signal>>,
              _Objty=std::unique_ptr<Signal,std::default_delete<Signal>>
          ]
  c:\program files (x86)\microsoft visual studio\2017\enterprise\vc\tools\msvc\14.10.25017\include\xmemory0(959): note: see reference to function template instantiation 'void std::allocator<_Ty>::construct<_Objty,std::unique_ptr<Signal,std::default_delete<Signal>>&>(_Objty *,std::unique_ptr<Signal,std::default_delete<Signal>> &)' being compiled
          with
          [
              _Ty=std::unique_ptr<Signal,std::default_delete<Signal>>,
              _Objty=std::unique_ptr<Signal,std::default_delete<Signal>>
          ]
  c:\program files (x86)\microsoft visual studio\2017\enterprise\vc\tools\msvc\14.10.25017\include\xmemory0(1097): note: see reference to function template instantiation 'void std::allocator_traits<_Alloc>::construct<_Ty,std::unique_ptr<Signal,std::default_delete<Signal>>&>(std::allocator<_Ty> &,_Objty *,std::unique_ptr<Signal,std::default_delete<Signal>> &)' being compiled
          with
          [
              _Alloc=std::allocator<std::unique_ptr<Signal,std::default_delete<Signal>>>,
              _Ty=std::unique_ptr<Signal,std::default_delete<Signal>>,
              _Objty=std::unique_ptr<Signal,std::default_delete<Signal>>
          ]
  c:\program files (x86)\microsoft visual studio\2017\enterprise\vc\tools\msvc\14.10.25017\include\xmemory0(1096): note: see reference to function template instantiation 'void std::allocator_traits<_Alloc>::construct<_Ty,std::unique_ptr<Signal,std::default_delete<Signal>>&>(std::allocator<_Ty> &,_Objty *,std::unique_ptr<Signal,std::default_delete<Signal>> &)' being compiled
          with
          [
              _Alloc=std::allocator<std::unique_ptr<Signal,std::default_delete<Signal>>>,
              _Ty=std::unique_ptr<Signal,std::default_delete<Signal>>,
              _Objty=std::unique_ptr<Signal,std::default_delete<Signal>>
          ]
  c:\program files (x86)\microsoft visual studio\2017\enterprise\vc\tools\msvc\14.10.25017\include\xmemory(92): note: see reference to function template instantiation 'void std::_Wrap_alloc<std::allocator<_Ty>>::construct<_Ty,std::unique_ptr<Signal,std::default_delete<Signal>>&>(_Ty *,std::unique_ptr<Signal,std::default_delete<Signal>> &)' being compiled
          with
          [
              _Ty=std::unique_ptr<Signal,std::default_delete<Signal>>
          ]
  c:\program files (x86)\microsoft visual studio\2017\enterprise\vc\tools\msvc\14.10.25017\include\xmemory(92): note: see reference to function template instantiation 'void std::_Wrap_alloc<std::allocator<_Ty>>::construct<_Ty,std::unique_ptr<Signal,std::default_delete<Signal>>&>(_Ty *,std::unique_ptr<Signal,std::default_delete<Signal>> &)' being compiled
          with
          [
              _Ty=std::unique_ptr<Signal,std::default_delete<Signal>>
          ]
  c:\program files (x86)\microsoft visual studio\2017\enterprise\vc\tools\msvc\14.10.25017\include\xmemory(126): note: see reference to function template instantiation '_FwdIt *std::_Uninitialized_copy_al_unchecked<_Iter,_Iter,std::allocator<_Ty>>(_InIt,_InIt,_FwdIt,std::_Wrap_alloc<std::allocator<_Ty>> &,std::_General_ptr_iterator_tag,std::_Any_tag)' being compiled
          with
          [
              _FwdIt=std::unique_ptr<Signal,std::default_delete<Signal>> *,
              _Iter=std::unique_ptr<Signal,std::default_delete<Signal>> *,
              _Ty=std::unique_ptr<Signal,std::default_delete<Signal>>,
              _InIt=std::unique_ptr<Signal,std::default_delete<Signal>> *
          ]
  c:\program files (x86)\microsoft visual studio\2017\enterprise\vc\tools\msvc\14.10.25017\include\vector(1859): note: see reference to function template instantiation '_FwdIt *std::_Uninitialized_copy<_Iter,std::unique_ptr<Signal,std::default_delete<_Ty>>*,std::allocator<std::unique_ptr<_Ty,std::default_delete<_Ty>>>>(_InIt,_InIt,_FwdIt,std::_Wrap_alloc<std::allocator<std::unique_ptr<_Ty,std::default_delete<_Ty>>>> &)' being compiled
          with
          [
              _FwdIt=std::unique_ptr<Signal,std::default_delete<Signal>> *,
              _Iter=std::unique_ptr<Signal,std::default_delete<Signal>> *,
              _Ty=Signal,
              _InIt=std::unique_ptr<Signal,std::default_delete<Signal>> *
          ]
  c:\program files (x86)\microsoft visual studio\2017\enterprise\vc\tools\msvc\14.10.25017\include\vector(809): note: see reference to function template instantiation 'std::unique_ptr<Signal,std::default_delete<_Ty>> *std::vector<std::unique_ptr<_Ty,std::default_delete<_Ty>>,std::allocator<std::unique_ptr<_Ty,std::default_delete<_Ty>>>>::_Ucopy<std::unique_ptr<_Ty,std::default_delete<_Ty>>*>(_Iter,_Iter,std::unique_ptr<_Ty,std::default_delete<_Ty>> *)' being compiled
          with
          [
              _Ty=Signal,
              _Iter=std::unique_ptr<Signal,std::default_delete<Signal>> *
          ]
  c:\program files (x86)\microsoft visual studio\2017\enterprise\vc\tools\msvc\14.10.25017\include\vector(809): note: see reference to function template instantiation 'std::unique_ptr<Signal,std::default_delete<_Ty>> *std::vector<std::unique_ptr<_Ty,std::default_delete<_Ty>>,std::allocator<std::unique_ptr<_Ty,std::default_delete<_Ty>>>>::_Ucopy<std::unique_ptr<_Ty,std::default_delete<_Ty>>*>(_Iter,_Iter,std::unique_ptr<_Ty,std::default_delete<_Ty>> *)' being compiled
          with
          [
              _Ty=Signal,
              _Iter=std::unique_ptr<Signal,std::default_delete<Signal>> *
          ]
  c:\program files (x86)\microsoft visual studio\2017\enterprise\vc\tools\msvc\14.10.25017\include\vector(803): note: while compiling class template member function 'std::vector<std::unique_ptr<Signal,std::default_delete<_Ty>>,std::allocator<std::unique_ptr<_Ty,std::default_delete<_Ty>>>>::vector(const std::vector<std::unique_ptr<_Ty,std::default_delete<_Ty>>,std::allocator<std::unique_ptr<_Ty,std::default_delete<_Ty>>>> &)'
          with
          [
              _Ty=Signal
          ]
  d:\data\git\logicgates\logicgates\logicgates\workbench.cpp(148): note: see reference to function template instantiation 'std::vector<std::unique_ptr<Signal,std::default_delete<_Ty>>,std::allocator<std::unique_ptr<_Ty,std::default_delete<_Ty>>>>::vector(const std::vector<std::unique_ptr<_Ty,std::default_delete<_Ty>>,std::allocator<std::unique_ptr<_Ty,std::default_delete<_Ty>>>> &)' being compiled
          with
          [
              _Ty=Signal
          ]
  d:\data\git\logicgates\logicgates\logicgates\gates.h(50): note: see reference to class template instantiation 'std::vector<std::unique_ptr<Signal,std::default_delete<_Ty>>,std::allocator<std::unique_ptr<_Ty,std::default_delete<_Ty>>>>' being compiled
          with
          [
              _Ty=Signal
          ]
  c:\program files (x86)\microsoft visual studio\2017\enterprise\vc\tools\msvc\14.10.25017\include\memory(1857): note: 'std::unique_ptr<Signal,std::default_delete<_Ty>>::unique_ptr(const std::unique_ptr<_Ty,std::default_delete<_Ty>> &)': function was explicitly deleted
          with
          [
              _Ty=Signal
          ]
  gates.cpp
  Generating Code...
  Skipping... (no relevant changes detected)
  main.cpp
